#
# A fatal error has been detected by the Java Runtime Environment:
#
#  EXCEPTION_ACCESS_VIOLATION (0xc0000005) at pc=0x00007ffc53d382d7, pid=12380, tid=10864
#
# JRE version: OpenJDK Runtime Environment (20.0.2+9) (build 20.0.2+9-78)
# Java VM: OpenJDK 64-Bit Server VM (20.0.2+9-78, mixed mode, sharing, tiered, compressed oops, compressed class ptrs, g1 gc, windows-amd64)
# Problematic frame:
# C  [glass.dll+0x282d7]
#
# No core dump will be written. Minidumps are not enabled by default on client versions of Windows
#
# If you would like to submit a bug report, please visit:
#   https://bugreport.java.com/bugreport/crash.jsp
#

---------------  S U M M A R Y ------------

Command Line: -agentlib:jdwp=transport=dt_socket,address=127.0.0.1:64634,suspend=y,server=n --module-path=C:\Program Files\Java\javaFX\javafx-sdk-22.0.1\lib --add-modules=javafx.controls,javafx.fxml -javaagent:C:\Users\Anwender\AppData\Local\JetBrains\IntelliJIdea2023.3\captureAgent\debugger-agent.jar -Dfile.encoding=UTF-8 -Dsun.stdout.encoding=UTF-8 -Dsun.stderr.encoding=UTF-8 view.MainFrame

Host: 12th Gen Intel(R) Core(TM) i5-12400F, 12 cores, 15G,  Windows 11 , 64 bit Build 22621 (10.0.22621.3672)
Time: Thu Jun 27 23:33:29 2024 Mitteleuropäische Sommerzeit elapsed time: 106.477194 seconds (0d 0h 1m 46s)

---------------  T H R E A D  ---------------

Current thread (0x000001c263ae1580):  VMThread "VM Thread" [stack: 0x0000007f93a00000,0x0000007f93b00000] [id=10864]

Stack: [0x0000007f93a00000,0x0000007f93b00000],  sp=0x0000007f93aff390,  free space=1020k
Native frames: (J=compiled Java code, j=interpreted, Vv=VM code, C=native code)
C  [glass.dll+0x282d7]


siginfo: EXCEPTION_ACCESS_VIOLATION (0xc0000005), reading address 0x0000000000000000


Registers:
RAX=0x0000000000000000, RBX=0x000001c263aee2f8, RCX=0x000001c263ae1580, RDX=0x0000007f93aff390
RSP=0x0000007f93aff390, RBP=0x000001c26893cfa8, RSI=0x0000007f93aff498, RDI=0x000001c26893cf80
R8 =0x0000000000010002, R9 =0x000001c26893cf80, R10=0x85f13e9656da4870, R11=0x0000007f93aff320
R12=0x00007ffc53d35be0, R13=0x00007ffc39b4fb10, R14=0x00008e301fb0aa5e, R15=0x000001c26893cf80
RIP=0x00007ffc53d382d7, EFLAGS=0x0000000000010206


Register to memory mapping:

RIP=0x00007ffc53d382d7 glass.dll
RAX=0x0 is NULL
RBX=0x000001c263aee2f8 is a global jni handle
RCX=0x000001c263ae1580 points into unknown readable memory: 0x00007ffc39978340 | 40 83 97 39 fc 7f 00 00
RDX=0x0000007f93aff390 points into unknown readable memory: 0x0000000000000000 | 00 00 00 00 00 00 00 00
RSP=0x0000007f93aff390 points into unknown readable memory: 0x0000000000000000 | 00 00 00 00 00 00 00 00
RBP=0x000001c26893cfa8 points into unknown readable memory: 0x00008e301fb0aa5e | 5e aa b0 1f 30 8e 00 00
RSI=0x0000007f93aff498 points into unknown readable memory: 0x0000007f93aff480 | 80 f4 af 93 7f 00 00 00
RDI=0x000001c26893cf80 points into unknown readable memory: 0x14f45b8e1fb0b5a1 | a1 b5 b0 1f 8e 5b f4 14
R8 =0x0000000000010002 is an unknown value
R9 =0x000001c26893cf80 points into unknown readable memory: 0x14f45b8e1fb0b5a1 | a1 b5 b0 1f 8e 5b f4 14
R10=0x85f13e9656da4870 is an unknown value
R11=0x0000007f93aff320 points into unknown readable memory: 0x000001c26893cf80 | 80 cf 93 68 c2 01 00 00
R12=0x00007ffc53d35be0 glass.dll
R13=0x00007ffc39b4fb10 jvm.dll
R14=0x00008e301fb0aa5e is an unknown value
R15=0x000001c26893cf80 points into unknown readable memory: 0x14f45b8e1fb0b5a1 | a1 b5 b0 1f 8e 5b f4 14


Top of Stack: (sp=0x0000007f93aff390)
0x0000007f93aff390:   0000000000000000 0000007f93aff498
0x0000007f93aff3a0:   00007ffc39b4fb10 00007ffc53d35be0
0x0000007f93aff3b0:   000001c26893cf88 00007ffc8b773a93
0x0000007f93aff3c0:   000001c26893cf80 000001c200000000
0x0000007f93aff3d0:   000001c26893cfa8 0000007f93aff498
0x0000007f93aff3e0:   fffffffffffffffe 0000000000000000
0x0000007f93aff3f0:   0000000000000001 00007ffc53d10000
0x0000007f93aff400:   0000007f93aff488 00007ffc8b74042e
0x0000007f93aff410:   0000000000000000 0000007f93aff498
0x0000007f93aff420:   0000007f93aff780 0000000000000001
0x0000007f93aff430:   0000000000000001 00007ffc8b73dddd
0x0000007f93aff440:   0000000000000000 00007ffc53d353d9
0x0000007f93aff450:   0000000000000000 0000007f93aff488
0x0000007f93aff460:   fffffffffffffffe 0000000000000001
0x0000007f93aff470:   ffffffff00000001 00007ffc53d35a6d
0x0000007f93aff480:   00007ffc53d4d078 00007ffc00000002
0x0000007f93aff490:   0000000000000002 0000007f93aff480
0x0000007f93aff4a0:   00007ffc8a3a0000 00007ffc8df58ae3
0x0000007f93aff4b0:   0000000000000000 00007ffc53d35b92
0x0000007f93aff4c0:   0000000000000001 0000000000000000
0x0000007f93aff4d0:   0000007f93aff780 0000000000000001
0x0000007f93aff4e0:   000000007ffe0384 00007ffc871f49c0
0x0000007f93aff4f0:   00007ffc00000001 0000007f93aff780
0x0000007f93aff500:   00007ffc53d10000 000000007ffe0384
0x0000007f93aff510:   0000000000000000 00007ffc8df58b7f
0x0000007f93aff520:   00007ffc53d10000 0000000000000000
0x0000007f93aff530:   0000000000000001 000000007ffe0385
0x0000007f93aff540:   00007ffc8e067940 00007ffc538bb780
0x0000007f93aff550:   00002820349fb200 00007ffc53830000
0x0000007f93aff560:   00007ffc53d35be0 0000000000000000
0x0000007f93aff570:   0000000000000000 0000007f92e78000
0x0000007f93aff580:   000001c268fed0a0 00007ffc8df81586 

Instructions: (pc=0x00007ffc53d382d7)
0x00007ffc53d381d7:   8b 4d 58 e8 49 cf ff ff 48 8b 4d 60 e8 40 cf ff
0x00007ffc53d381e7:   ff 48 8b 95 80 00 00 00 48 8b 8d 18 01 00 00 e8
0x00007ffc53d381f7:   26 c5 ff ff 33 d2 33 c9 e8 8c e1 ff ff 90 48 89
0x00007ffc53d38207:   54 24 10 55 48 83 ec 20 48 8b ea 48 b8 00 00 00
0x00007ffc53d38217:   00 00 00 00 00 48 83 c4 20 5d c3 cc 40 55 48 8b
0x00007ffc53d38227:   ea 48 8b 01 33 c9 81 38 05 00 00 c0 0f 94 c1 8b
0x00007ffc53d38237:   c1 5d c3 cc 40 55 48 83 ec 20 48 8b ea 8a 4d 40
0x00007ffc53d38247:   48 83 c4 20 5d e9 33 d3 ff ff cc 40 55 48 83 ec
0x00007ffc53d38257:   20 48 8b ea 8a 4d 20 e8 21 d3 ff ff 90 48 83 c4
0x00007ffc53d38267:   20 5d c3 cc 40 55 48 83 ec 20 48 8b ea 48 83 c4
0x00007ffc53d38277:   20 5d e9 82 d1 ff ff cc 40 55 48 83 ec 30 48 8b
0x00007ffc53d38287:   ea 48 8b 01 8b 10 48 89 4c 24 28 89 54 24 20 4c
0x00007ffc53d38297:   8d 0d 23 d6 ff ff 4c 8b 45 70 8b 55 68 48 8b 4d
0x00007ffc53d382a7:   60 e8 c3 d0 ff ff 90 48 83 c4 30 5d c3 cc cc cc
0x00007ffc53d382b7:   cc cc cc cc cc cc cc cc cc 40 53 48 83 ec 20 48
0x00007ffc53d382c7:   8b 1d 6b 47 01 00 48 85 db 74 16 e8 39 90 ff ff
0x00007ffc53d382d7:   4c 8b 00 48 8b d3 48 8b c8 41 ff 90 b0 00 00 00
0x00007ffc53d382e7:   90 48 83 c4 20 5b c3 cc cc 40 53 48 83 ec 20 48
0x00007ffc53d382f7:   8b 1d ab 48 01 00 48 85 db 74 57 b8 ff ff ff ff
0x00007ffc53d38307:   f0 0f c1 43 10 83 f8 01 75 3d 48 85 db 74 38 48
0x00007ffc53d38317:   8b 0b 48 85 c9 74 0d ff 15 8c 0f 00 00 48 c7 03
0x00007ffc53d38327:   00 00 00 00 48 8b 4b 08 48 85 c9 74 0d e8 ef cd
0x00007ffc53d38337:   ff ff 48 c7 43 08 00 00 00 00 ba 18 00 00 00 48
0x00007ffc53d38347:   8b cb e8 da cd ff ff 48 c7 05 4f 48 01 00 00 00
0x00007ffc53d38357:   00 00 48 83 c4 20 5b c3 cc 40 53 48 83 ec 20 48
0x00007ffc53d38367:   8b 1d 1b 48 01 00 48 85 db 74 57 b8 ff ff ff ff
0x00007ffc53d38377:   f0 0f c1 43 10 83 f8 01 75 3d 48 85 db 74 38 48
0x00007ffc53d38387:   8b 0b 48 85 c9 74 0d ff 15 1c 0f 00 00 48 c7 03
0x00007ffc53d38397:   00 00 00 00 48 8b 4b 08 48 85 c9 74 0d e8 7f cd
0x00007ffc53d383a7:   ff ff 48 c7 43 08 00 00 00 00 ba 18 00 00 00 48
0x00007ffc53d383b7:   8b cb e8 6a cd ff ff 48 c7 05 bf 47 01 00 00 00
0x00007ffc53d383c7:   00 00 48 83 c4 20 5b c3 cc 40 53 48 83 ec 20 48 


Stack slot to memory mapping:
stack at sp + 0 slots: 0x0 is NULL
stack at sp + 1 slots: 0x0000007f93aff498 points into unknown readable memory: 0x0000007f93aff480 | 80 f4 af 93 7f 00 00 00
stack at sp + 2 slots: 0x00007ffc39b4fb10 jvm.dll
stack at sp + 3 slots: 0x00007ffc53d35be0 glass.dll
stack at sp + 4 slots: 0x000001c26893cf88 points into unknown readable memory: 0x00008e301fb0aa5e | 5e aa b0 1f 30 8e 00 00
stack at sp + 5 slots: 0x00007ffc8b773a93 ucrtbase.dll
stack at sp + 6 slots: 0x000001c26893cf80 points into unknown readable memory: 0x14f45b8e1fb0b5a1 | a1 b5 b0 1f 8e 5b f4 14
stack at sp + 7 slots: 0x000001c200000000 is pointing into metadata

VM_Operation (0x0000007f931fed50): Exit, mode: safepoint, requested by thread 0x000001c2699fd880


---------------  P R O C E S S  ---------------

Threads class SMR info:
_java_thread_list=0x000001c268e79f60, length=19, elements={
0x000001c2449b5d20, 0x000001c263aff5a0, 0x000001c263b003a0, 0x000001c263b066c0,
0x000001c268561840, 0x000001c263b09ba0, 0x000001c263b0d0f0, 0x000001c263b1a2f0,
0x000001c268640610, 0x000001c268fa4740, 0x000001c269615550, 0x000001c2692fe190,
0x000001c26bb65810, 0x000001c26bb63b70, 0x000001c2699fe320, 0x000001c2699fae00,
0x000001c2699fb350, 0x000001c2699fddd0, 0x000001c2699fd880
}

Java Threads: ( => current thread )
  0x000001c2449b5d20 JavaThread "main" [_thread_blocked, id=12172, stack(0x0000007f93400000,0x0000007f93500000)]
  0x000001c263aff5a0 JavaThread "Reference Handler" daemon [_thread_blocked, id=7572, stack(0x0000007f93b00000,0x0000007f93c00000)]
  0x000001c263b003a0 JavaThread "Finalizer" daemon [_thread_blocked, id=8048, stack(0x0000007f93c00000,0x0000007f93d00000)]
  0x000001c263b066c0 JavaThread "Attach Listener" daemon [_thread_blocked, id=26340, stack(0x0000007f93e00000,0x0000007f93f00000)]
  0x000001c268561840 JavaThread "Service Thread" daemon [_thread_blocked, id=3556, stack(0x0000007f93f00000,0x0000007f94000000)]
  0x000001c263b09ba0 JavaThread "Monitor Deflation Thread" daemon [_thread_blocked, id=25416, stack(0x0000007f94000000,0x0000007f94100000)]
  0x000001c263b0d0f0 JavaThread "C2 CompilerThread0" daemon [_thread_blocked, id=20680, stack(0x0000007f94100000,0x0000007f94200000)]
  0x000001c263b1a2f0 JavaThread "C1 CompilerThread0" daemon [_thread_blocked, id=9392, stack(0x0000007f94200000,0x0000007f94300000)]
  0x000001c268640610 JavaThread "Common-Cleaner" daemon [_thread_blocked, id=3436, stack(0x0000007f94300000,0x0000007f94400000)]
  0x000001c268fa4740 JavaThread "JDWP Event Helper Thread" daemon [_thread_blocked, id=2084, stack(0x0000007f94700000,0x0000007f94800000)]
  0x000001c269615550 JavaThread "Notification Thread" daemon [_thread_blocked, id=6696, stack(0x0000007f94900000,0x0000007f94a00000)]
  0x000001c2692fe190 JavaThread "QuantumRenderer-0" daemon [_thread_blocked, id=20596, stack(0x0000007f94b00000,0x0000007f94c00000)]
  0x000001c26bb65810 JavaThread "InvokeLaterDispatcher" daemon [_thread_blocked, id=140, stack(0x0000007f94d00000,0x0000007f94e00000)]
  0x000001c26bb63b70 JavaThread "JavaFX Application Thread" [_thread_blocked, id=18952, stack(0x0000007f94e00000,0x0000007f94f00000)]
  0x000001c2699fe320 JavaThread "JavaFX-Launcher" [_thread_blocked, id=9800, stack(0x0000007f95100000,0x0000007f95200000)]
  0x000001c2699fae00 JavaThread "Thread-2" daemon [_thread_in_native, id=23940, stack(0x0000007f95000000,0x0000007f95100000)]
  0x000001c2699fb350 JavaThread "Prism Font Disposer" daemon [_thread_blocked, id=17876, stack(0x0000007f95b00000,0x0000007f95c00000)]
  0x000001c2699fddd0 JavaThread "Cleaner-0" daemon [_thread_blocked, id=2776, stack(0x0000007f95f00000,0x0000007f96000000)]
  0x000001c2699fd880 JavaThread "SIGINT handler" daemon [_thread_blocked, id=23836, stack(0x0000007f93100000,0x0000007f93200000)]

Other Threads:
=>0x000001c263ae1580 VMThread "VM Thread" [stack: 0x0000007f93a00000,0x0000007f93b00000] [id=10864]
  0x000001c244a264d0 WorkerThread "GC Thread#0" [stack: 0x0000007f93500000,0x0000007f93600000] [id=14588]
  0x000001c2694694a0 WorkerThread "GC Thread#1" [stack: 0x0000007f95200000,0x0000007f95300000] [id=25276]
  0x000001c26946ab20 WorkerThread "GC Thread#2" [stack: 0x0000007f95300000,0x0000007f95400000] [id=15804]
  0x000001c26946adf0 WorkerThread "GC Thread#3" [stack: 0x0000007f95400000,0x0000007f95500000] [id=24900]
  0x000001c269469770 WorkerThread "GC Thread#4" [stack: 0x0000007f95500000,0x0000007f95600000] [id=22860]
  0x000001c269469a40 WorkerThread "GC Thread#5" [stack: 0x0000007f95600000,0x0000007f95700000] [id=17648]
  0x000001c26946b0c0 WorkerThread "GC Thread#6" [stack: 0x0000007f95700000,0x0000007f95800000] [id=7344]
  0x000001c269469d10 WorkerThread "GC Thread#7" [stack: 0x0000007f95800000,0x0000007f95900000] [id=23816]
  0x000001c269469fe0 WorkerThread "GC Thread#8" [stack: 0x0000007f95900000,0x0000007f95a00000] [id=18308]
  0x000001c26946b390 WorkerThread "GC Thread#9" [stack: 0x0000007f95a00000,0x0000007f95b00000] [id=2808]
  0x000001c244a37300 ConcurrentGCThread "G1 Main Marker" terminated
  0x000001c244a384d0 WorkerThread "G1 Conc#0" [stack: 0x0000007f93700000,0x0000007f93800000] [id=7804]
  0x000001c244a6e960 ConcurrentGCThread "G1 Refine#0" terminated
  0x000001c2639a34a0 ConcurrentGCThread "G1 Service" terminated

Threads with active compile tasks:

VM state: at safepoint (shutting down)

VM Mutex/Monitor currently owned by a thread:  ([mutex/lock_event])
[0x000001c2449b0450] Threads_lock - owner thread: 0x000001c263ae1580
[0x000001c2449b0210] Heap_lock - owner thread: 0x000001c2699fd880

Heap address: 0x0000000702800000, size: 4056 MB, Compressed Oops mode: Zero based, Oop shift amount: 3

CDS archive(s) mapped at: [0x000001c200000000-0x000001c200c60000-0x000001c200c60000), size 12976128, SharedBaseAddress: 0x000001c200000000, ArchiveRelocationMode: 1.
Compressed class space mapped at: 0x000001c201000000-0x000001c241000000, reserved size: 1073741824
Narrow klass base: 0x000001c200000000, Narrow klass shift: 0, Narrow klass range: 0x100000000

GC Precious Log:
 CardTable entry size: 512
 Card Set container configuration: InlinePtr #cards 4 size 8 Array Of Cards #cards 16 size 48 Howl #buckets 8 coarsen threshold 3686 Howl Bitmap #cards 512 size 80 coarsen threshold 460 Card regions per heap region 1 cards per card region 4096
 CPUs: 12 total, 12 available
 Memory: 16222M
 Large Page Support: Disabled
 NUMA Support: Disabled
 Compressed Oops: Enabled (Zero based)
 Heap Region Size: 2M
 Heap Min Capacity: 8M
 Heap Initial Capacity: 254M
 Heap Max Capacity: 4056M
 Pre-touch: Disabled
 Parallel Workers: 10
 Concurrent Workers: 3
 Concurrent Refinement Workers: 10
 Periodic GC: Disabled

Heap:
 garbage-first heap   total 260096K, used 25556K [0x0000000702800000, 0x0000000800000000)
  region size 2048K, 11 young (22528K), 6 survivors (12288K)
 Metaspace       used 20834K, committed 21312K, reserved 1114112K
  class space    used 3122K, committed 3328K, reserved 1048576K

Heap Regions: E=young(eden), S=young(survivor), O=old, HS=humongous(starts), HC=humongous(continues), CS=collection set, F=free, OA=open archive, CA=closed archive, TAMS=top-at-mark-start, PB=parsable bottom
|   0|0x0000000702800000, 0x0000000702a00000, 0x0000000702a00000|100%| O|  |TAMS 0x0000000702800000| PB 0x0000000702800000| Untracked 
|   1|0x0000000702a00000, 0x0000000702c00000, 0x0000000702c00000|100%|HS|  |TAMS 0x0000000702a00000| PB 0x0000000702a00000| Complete 
|   2|0x0000000702c00000, 0x0000000702cf5200, 0x0000000702e00000| 47%| O|  |TAMS 0x0000000702c00000| PB 0x0000000702c00000| Untracked 
|   3|0x0000000702e00000, 0x0000000702e00000, 0x0000000703000000|  0%| F|  |TAMS 0x0000000702e00000| PB 0x0000000702e00000| Untracked 
|   4|0x0000000703000000, 0x0000000703000000, 0x0000000703200000|  0%| F|  |TAMS 0x0000000703000000| PB 0x0000000703000000| Untracked 
|   5|0x0000000703200000, 0x0000000703200000, 0x0000000703400000|  0%| F|  |TAMS 0x0000000703200000| PB 0x0000000703200000| Untracked 
|   6|0x0000000703400000, 0x0000000703400000, 0x0000000703600000|  0%| F|  |TAMS 0x0000000703400000| PB 0x0000000703400000| Untracked 
|   7|0x0000000703600000, 0x0000000703600000, 0x0000000703800000|  0%| F|  |TAMS 0x0000000703600000| PB 0x0000000703600000| Untracked 
|   8|0x0000000703800000, 0x0000000703800000, 0x0000000703a00000|  0%| F|  |TAMS 0x0000000703800000| PB 0x0000000703800000| Untracked 
|   9|0x0000000703a00000, 0x0000000703a00000, 0x0000000703c00000|  0%| F|  |TAMS 0x0000000703a00000| PB 0x0000000703a00000| Untracked 
|  10|0x0000000703c00000, 0x0000000703c00000, 0x0000000703e00000|  0%| F|  |TAMS 0x0000000703c00000| PB 0x0000000703c00000| Untracked 
|  11|0x0000000703e00000, 0x0000000703e00000, 0x0000000704000000|  0%| F|  |TAMS 0x0000000703e00000| PB 0x0000000703e00000| Untracked 
|  12|0x0000000704000000, 0x0000000704000000, 0x0000000704200000|  0%| F|  |TAMS 0x0000000704000000| PB 0x0000000704000000| Untracked 
|  13|0x0000000704200000, 0x0000000704200000, 0x0000000704400000|  0%| F|  |TAMS 0x0000000704200000| PB 0x0000000704200000| Untracked 
|  14|0x0000000704400000, 0x0000000704400000, 0x0000000704600000|  0%| F|  |TAMS 0x0000000704400000| PB 0x0000000704400000| Untracked 
|  15|0x0000000704600000, 0x0000000704600000, 0x0000000704800000|  0%| F|  |TAMS 0x0000000704600000| PB 0x0000000704600000| Untracked 
|  16|0x0000000704800000, 0x0000000704800000, 0x0000000704a00000|  0%| F|  |TAMS 0x0000000704800000| PB 0x0000000704800000| Untracked 
|  17|0x0000000704a00000, 0x0000000704a00000, 0x0000000704c00000|  0%| F|  |TAMS 0x0000000704a00000| PB 0x0000000704a00000| Untracked 
|  18|0x0000000704c00000, 0x0000000704c00000, 0x0000000704e00000|  0%| F|  |TAMS 0x0000000704c00000| PB 0x0000000704c00000| Untracked 
|  19|0x0000000704e00000, 0x0000000704e00000, 0x0000000705000000|  0%| F|  |TAMS 0x0000000704e00000| PB 0x0000000704e00000| Untracked 
|  20|0x0000000705000000, 0x0000000705000000, 0x0000000705200000|  0%| F|  |TAMS 0x0000000705000000| PB 0x0000000705000000| Untracked 
|  21|0x0000000705200000, 0x0000000705200000, 0x0000000705400000|  0%| F|  |TAMS 0x0000000705200000| PB 0x0000000705200000| Untracked 
|  22|0x0000000705400000, 0x0000000705400000, 0x0000000705600000|  0%| F|  |TAMS 0x0000000705400000| PB 0x0000000705400000| Untracked 
|  23|0x0000000705600000, 0x0000000705600000, 0x0000000705800000|  0%| F|  |TAMS 0x0000000705600000| PB 0x0000000705600000| Untracked 
|  24|0x0000000705800000, 0x0000000705800000, 0x0000000705a00000|  0%| F|  |TAMS 0x0000000705800000| PB 0x0000000705800000| Untracked 
|  25|0x0000000705a00000, 0x0000000705a00000, 0x0000000705c00000|  0%| F|  |TAMS 0x0000000705a00000| PB 0x0000000705a00000| Untracked 
|  26|0x0000000705c00000, 0x0000000705c00000, 0x0000000705e00000|  0%| F|  |TAMS 0x0000000705c00000| PB 0x0000000705c00000| Untracked 
|  27|0x0000000705e00000, 0x0000000705e00000, 0x0000000706000000|  0%| F|  |TAMS 0x0000000705e00000| PB 0x0000000705e00000| Untracked 
|  28|0x0000000706000000, 0x0000000706000000, 0x0000000706200000|  0%| F|  |TAMS 0x0000000706000000| PB 0x0000000706000000| Untracked 
|  29|0x0000000706200000, 0x0000000706200000, 0x0000000706400000|  0%| F|  |TAMS 0x0000000706200000| PB 0x0000000706200000| Untracked 
|  30|0x0000000706400000, 0x0000000706400000, 0x0000000706600000|  0%| F|  |TAMS 0x0000000706400000| PB 0x0000000706400000| Untracked 
|  31|0x0000000706600000, 0x0000000706600000, 0x0000000706800000|  0%| F|  |TAMS 0x0000000706600000| PB 0x0000000706600000| Untracked 
|  32|0x0000000706800000, 0x0000000706800000, 0x0000000706a00000|  0%| F|  |TAMS 0x0000000706800000| PB 0x0000000706800000| Untracked 
|  33|0x0000000706a00000, 0x0000000706a00000, 0x0000000706c00000|  0%| F|  |TAMS 0x0000000706a00000| PB 0x0000000706a00000| Untracked 
|  34|0x0000000706c00000, 0x0000000706c00000, 0x0000000706e00000|  0%| F|  |TAMS 0x0000000706c00000| PB 0x0000000706c00000| Untracked 
|  35|0x0000000706e00000, 0x0000000706e00000, 0x0000000707000000|  0%| F|  |TAMS 0x0000000706e00000| PB 0x0000000706e00000| Untracked 
|  36|0x0000000707000000, 0x0000000707000000, 0x0000000707200000|  0%| F|  |TAMS 0x0000000707000000| PB 0x0000000707000000| Untracked 
|  37|0x0000000707200000, 0x0000000707200000, 0x0000000707400000|  0%| F|  |TAMS 0x0000000707200000| PB 0x0000000707200000| Untracked 
|  38|0x0000000707400000, 0x0000000707400000, 0x0000000707600000|  0%| F|  |TAMS 0x0000000707400000| PB 0x0000000707400000| Untracked 
|  39|0x0000000707600000, 0x0000000707600000, 0x0000000707800000|  0%| F|  |TAMS 0x0000000707600000| PB 0x0000000707600000| Untracked 
|  40|0x0000000707800000, 0x0000000707800000, 0x0000000707a00000|  0%| F|  |TAMS 0x0000000707800000| PB 0x0000000707800000| Untracked 
|  41|0x0000000707a00000, 0x0000000707a00000, 0x0000000707c00000|  0%| F|  |TAMS 0x0000000707a00000| PB 0x0000000707a00000| Untracked 
|  42|0x0000000707c00000, 0x0000000707c00000, 0x0000000707e00000|  0%| F|  |TAMS 0x0000000707c00000| PB 0x0000000707c00000| Untracked 
|  43|0x0000000707e00000, 0x0000000707e00000, 0x0000000708000000|  0%| F|  |TAMS 0x0000000707e00000| PB 0x0000000707e00000| Untracked 
|  44|0x0000000708000000, 0x0000000708000000, 0x0000000708200000|  0%| F|  |TAMS 0x0000000708000000| PB 0x0000000708000000| Untracked 
|  45|0x0000000708200000, 0x0000000708200000, 0x0000000708400000|  0%| F|  |TAMS 0x0000000708200000| PB 0x0000000708200000| Untracked 
|  46|0x0000000708400000, 0x0000000708400000, 0x0000000708600000|  0%| F|  |TAMS 0x0000000708400000| PB 0x0000000708400000| Untracked 
|  47|0x0000000708600000, 0x0000000708600000, 0x0000000708800000|  0%| F|  |TAMS 0x0000000708600000| PB 0x0000000708600000| Untracked 
|  48|0x0000000708800000, 0x0000000708800000, 0x0000000708a00000|  0%| F|  |TAMS 0x0000000708800000| PB 0x0000000708800000| Untracked 
|  49|0x0000000708a00000, 0x0000000708a00000, 0x0000000708c00000|  0%| F|  |TAMS 0x0000000708a00000| PB 0x0000000708a00000| Untracked 
|  50|0x0000000708c00000, 0x0000000708c00000, 0x0000000708e00000|  0%| F|  |TAMS 0x0000000708c00000| PB 0x0000000708c00000| Untracked 
|  51|0x0000000708e00000, 0x0000000708e00000, 0x0000000709000000|  0%| F|  |TAMS 0x0000000708e00000| PB 0x0000000708e00000| Untracked 
|  52|0x0000000709000000, 0x0000000709000000, 0x0000000709200000|  0%| F|  |TAMS 0x0000000709000000| PB 0x0000000709000000| Untracked 
|  53|0x0000000709200000, 0x0000000709200000, 0x0000000709400000|  0%| F|  |TAMS 0x0000000709200000| PB 0x0000000709200000| Untracked 
|  54|0x0000000709400000, 0x0000000709400000, 0x0000000709600000|  0%| F|  |TAMS 0x0000000709400000| PB 0x0000000709400000| Untracked 
|  55|0x0000000709600000, 0x0000000709600000, 0x0000000709800000|  0%| F|  |TAMS 0x0000000709600000| PB 0x0000000709600000| Untracked 
|  56|0x0000000709800000, 0x0000000709800000, 0x0000000709a00000|  0%| F|  |TAMS 0x0000000709800000| PB 0x0000000709800000| Untracked 
|  57|0x0000000709a00000, 0x0000000709a00000, 0x0000000709c00000|  0%| F|  |TAMS 0x0000000709a00000| PB 0x0000000709a00000| Untracked 
|  58|0x0000000709c00000, 0x0000000709c00000, 0x0000000709e00000|  0%| F|  |TAMS 0x0000000709c00000| PB 0x0000000709c00000| Untracked 
|  59|0x0000000709e00000, 0x0000000709e00000, 0x000000070a000000|  0%| F|  |TAMS 0x0000000709e00000| PB 0x0000000709e00000| Untracked 
|  60|0x000000070a000000, 0x000000070a000000, 0x000000070a200000|  0%| F|  |TAMS 0x000000070a000000| PB 0x000000070a000000| Untracked 
|  61|0x000000070a200000, 0x000000070a200000, 0x000000070a400000|  0%| F|  |TAMS 0x000000070a200000| PB 0x000000070a200000| Untracked 
|  62|0x000000070a400000, 0x000000070a400000, 0x000000070a600000|  0%| F|  |TAMS 0x000000070a400000| PB 0x000000070a400000| Untracked 
|  63|0x000000070a600000, 0x000000070a600000, 0x000000070a800000|  0%| F|  |TAMS 0x000000070a600000| PB 0x000000070a600000| Untracked 
|  64|0x000000070a800000, 0x000000070a800000, 0x000000070aa00000|  0%| F|  |TAMS 0x000000070a800000| PB 0x000000070a800000| Untracked 
|  65|0x000000070aa00000, 0x000000070aa00000, 0x000000070ac00000|  0%| F|  |TAMS 0x000000070aa00000| PB 0x000000070aa00000| Untracked 
|  66|0x000000070ac00000, 0x000000070ac00000, 0x000000070ae00000|  0%| F|  |TAMS 0x000000070ac00000| PB 0x000000070ac00000| Untracked 
|  67|0x000000070ae00000, 0x000000070ae00000, 0x000000070b000000|  0%| F|  |TAMS 0x000000070ae00000| PB 0x000000070ae00000| Untracked 
|  68|0x000000070b000000, 0x000000070b000000, 0x000000070b200000|  0%| F|  |TAMS 0x000000070b000000| PB 0x000000070b000000| Untracked 
|  69|0x000000070b200000, 0x000000070b200000, 0x000000070b400000|  0%| F|  |TAMS 0x000000070b200000| PB 0x000000070b200000| Untracked 
|  70|0x000000070b400000, 0x000000070b400000, 0x000000070b600000|  0%| F|  |TAMS 0x000000070b400000| PB 0x000000070b400000| Untracked 
|  71|0x000000070b600000, 0x000000070b600000, 0x000000070b800000|  0%| F|  |TAMS 0x000000070b600000| PB 0x000000070b600000| Untracked 
|  72|0x000000070b800000, 0x000000070b800000, 0x000000070ba00000|  0%| F|  |TAMS 0x000000070b800000| PB 0x000000070b800000| Untracked 
|  73|0x000000070ba00000, 0x000000070ba00000, 0x000000070bc00000|  0%| F|  |TAMS 0x000000070ba00000| PB 0x000000070ba00000| Untracked 
|  74|0x000000070bc00000, 0x000000070bc00000, 0x000000070be00000|  0%| F|  |TAMS 0x000000070bc00000| PB 0x000000070bc00000| Untracked 
|  75|0x000000070be00000, 0x000000070be00000, 0x000000070c000000|  0%| F|  |TAMS 0x000000070be00000| PB 0x000000070be00000| Untracked 
|  76|0x000000070c000000, 0x000000070c000000, 0x000000070c200000|  0%| F|  |TAMS 0x000000070c000000| PB 0x000000070c000000| Untracked 
|  77|0x000000070c200000, 0x000000070c200000, 0x000000070c400000|  0%| F|  |TAMS 0x000000070c200000| PB 0x000000070c200000| Untracked 
|  78|0x000000070c400000, 0x000000070c400000, 0x000000070c600000|  0%| F|  |TAMS 0x000000070c400000| PB 0x000000070c400000| Untracked 
|  79|0x000000070c600000, 0x000000070c600000, 0x000000070c800000|  0%| F|  |TAMS 0x000000070c600000| PB 0x000000070c600000| Untracked 
|  80|0x000000070c800000, 0x000000070ca00000, 0x000000070ca00000|100%| S|CS|TAMS 0x000000070c800000| PB 0x000000070c800000| Complete 
|  81|0x000000070ca00000, 0x000000070cc00000, 0x000000070cc00000|100%| S|CS|TAMS 0x000000070ca00000| PB 0x000000070ca00000| Complete 
|  82|0x000000070cc00000, 0x000000070ce00000, 0x000000070ce00000|100%| S|CS|TAMS 0x000000070cc00000| PB 0x000000070cc00000| Complete 
|  83|0x000000070ce00000, 0x000000070d000000, 0x000000070d000000|100%| S|CS|TAMS 0x000000070ce00000| PB 0x000000070ce00000| Complete 
|  84|0x000000070d000000, 0x000000070d200000, 0x000000070d200000|100%| S|CS|TAMS 0x000000070d000000| PB 0x000000070d000000| Complete 
|  85|0x000000070d200000, 0x000000070d400000, 0x000000070d400000|100%| S|CS|TAMS 0x000000070d200000| PB 0x000000070d200000| Complete 
|  86|0x000000070d400000, 0x000000070d400000, 0x000000070d600000|  0%| F|  |TAMS 0x000000070d400000| PB 0x000000070d400000| Untracked 
|  87|0x000000070d600000, 0x000000070d600000, 0x000000070d800000|  0%| F|  |TAMS 0x000000070d600000| PB 0x000000070d600000| Untracked 
|  88|0x000000070d800000, 0x000000070d800000, 0x000000070da00000|  0%| F|  |TAMS 0x000000070d800000| PB 0x000000070d800000| Untracked 
|  89|0x000000070da00000, 0x000000070da00000, 0x000000070dc00000|  0%| F|  |TAMS 0x000000070da00000| PB 0x000000070da00000| Untracked 
|  90|0x000000070dc00000, 0x000000070dc00000, 0x000000070de00000|  0%| F|  |TAMS 0x000000070dc00000| PB 0x000000070dc00000| Untracked 
|  91|0x000000070de00000, 0x000000070de00000, 0x000000070e000000|  0%| F|  |TAMS 0x000000070de00000| PB 0x000000070de00000| Untracked 
|  92|0x000000070e000000, 0x000000070e000000, 0x000000070e200000|  0%| F|  |TAMS 0x000000070e000000| PB 0x000000070e000000| Untracked 
|  93|0x000000070e200000, 0x000000070e200000, 0x000000070e400000|  0%| F|  |TAMS 0x000000070e200000| PB 0x000000070e200000| Untracked 
|  94|0x000000070e400000, 0x000000070e400000, 0x000000070e600000|  0%| F|  |TAMS 0x000000070e400000| PB 0x000000070e400000| Untracked 
|  95|0x000000070e600000, 0x000000070e600000, 0x000000070e800000|  0%| F|  |TAMS 0x000000070e600000| PB 0x000000070e600000| Untracked 
|  96|0x000000070e800000, 0x000000070e800000, 0x000000070ea00000|  0%| F|  |TAMS 0x000000070e800000| PB 0x000000070e800000| Untracked 
|  97|0x000000070ea00000, 0x000000070ea00000, 0x000000070ec00000|  0%| F|  |TAMS 0x000000070ea00000| PB 0x000000070ea00000| Untracked 
|  98|0x000000070ec00000, 0x000000070ec00000, 0x000000070ee00000|  0%| F|  |TAMS 0x000000070ec00000| PB 0x000000070ec00000| Untracked 
|  99|0x000000070ee00000, 0x000000070ee00000, 0x000000070f000000|  0%| F|  |TAMS 0x000000070ee00000| PB 0x000000070ee00000| Untracked 
| 100|0x000000070f000000, 0x000000070f000000, 0x000000070f200000|  0%| F|  |TAMS 0x000000070f000000| PB 0x000000070f000000| Untracked 
| 101|0x000000070f200000, 0x000000070f200000, 0x000000070f400000|  0%| F|  |TAMS 0x000000070f200000| PB 0x000000070f200000| Untracked 
| 102|0x000000070f400000, 0x000000070f400000, 0x000000070f600000|  0%| F|  |TAMS 0x000000070f400000| PB 0x000000070f400000| Untracked 
| 103|0x000000070f600000, 0x000000070f600000, 0x000000070f800000|  0%| F|  |TAMS 0x000000070f600000| PB 0x000000070f600000| Untracked 
| 104|0x000000070f800000, 0x000000070f800000, 0x000000070fa00000|  0%| F|  |TAMS 0x000000070f800000| PB 0x000000070f800000| Untracked 
| 105|0x000000070fa00000, 0x000000070fa00000, 0x000000070fc00000|  0%| F|  |TAMS 0x000000070fa00000| PB 0x000000070fa00000| Untracked 
| 106|0x000000070fc00000, 0x000000070fc00000, 0x000000070fe00000|  0%| F|  |TAMS 0x000000070fc00000| PB 0x000000070fc00000| Untracked 
| 107|0x000000070fe00000, 0x000000070fe00000, 0x0000000710000000|  0%| F|  |TAMS 0x000000070fe00000| PB 0x000000070fe00000| Untracked 
| 108|0x0000000710000000, 0x0000000710000000, 0x0000000710200000|  0%| F|  |TAMS 0x0000000710000000| PB 0x0000000710000000| Untracked 
| 109|0x0000000710200000, 0x0000000710200000, 0x0000000710400000|  0%| F|  |TAMS 0x0000000710200000| PB 0x0000000710200000| Untracked 
| 110|0x0000000710400000, 0x0000000710400000, 0x0000000710600000|  0%| F|  |TAMS 0x0000000710400000| PB 0x0000000710400000| Untracked 
| 111|0x0000000710600000, 0x0000000710600000, 0x0000000710800000|  0%| F|  |TAMS 0x0000000710600000| PB 0x0000000710600000| Untracked 
| 112|0x0000000710800000, 0x0000000710800000, 0x0000000710a00000|  0%| F|  |TAMS 0x0000000710800000| PB 0x0000000710800000| Untracked 
| 113|0x0000000710a00000, 0x0000000710a00000, 0x0000000710c00000|  0%| F|  |TAMS 0x0000000710a00000| PB 0x0000000710a00000| Untracked 
| 114|0x0000000710c00000, 0x0000000710c00000, 0x0000000710e00000|  0%| F|  |TAMS 0x0000000710c00000| PB 0x0000000710c00000| Untracked 
| 115|0x0000000710e00000, 0x0000000710e00000, 0x0000000711000000|  0%| F|  |TAMS 0x0000000710e00000| PB 0x0000000710e00000| Untracked 
| 116|0x0000000711000000, 0x0000000711000000, 0x0000000711200000|  0%| F|  |TAMS 0x0000000711000000| PB 0x0000000711000000| Untracked 
| 117|0x0000000711200000, 0x0000000711200000, 0x0000000711400000|  0%| F|  |TAMS 0x0000000711200000| PB 0x0000000711200000| Untracked 
| 118|0x0000000711400000, 0x0000000711400000, 0x0000000711600000|  0%| F|  |TAMS 0x0000000711400000| PB 0x0000000711400000| Untracked 
| 119|0x0000000711600000, 0x0000000711600000, 0x0000000711800000|  0%| F|  |TAMS 0x0000000711600000| PB 0x0000000711600000| Untracked 
| 120|0x0000000711800000, 0x0000000711800000, 0x0000000711a00000|  0%| F|  |TAMS 0x0000000711800000| PB 0x0000000711800000| Untracked 
| 121|0x0000000711a00000, 0x0000000711a00000, 0x0000000711c00000|  0%| F|  |TAMS 0x0000000711a00000| PB 0x0000000711a00000| Untracked 
| 122|0x0000000711c00000, 0x0000000711d34630, 0x0000000711e00000| 60%| E|  |TAMS 0x0000000711c00000| PB 0x0000000711c00000| Complete 
| 123|0x0000000711e00000, 0x0000000712000000, 0x0000000712000000|100%| E|CS|TAMS 0x0000000711e00000| PB 0x0000000711e00000| Complete 
| 124|0x0000000712000000, 0x0000000712200000, 0x0000000712200000|100%| E|CS|TAMS 0x0000000712000000| PB 0x0000000712000000| Complete 
| 125|0x0000000712200000, 0x0000000712400000, 0x0000000712400000|100%| E|CS|TAMS 0x0000000712200000| PB 0x0000000712200000| Complete 
| 126|0x0000000712400000, 0x0000000712600000, 0x0000000712600000|100%| E|CS|TAMS 0x0000000712400000| PB 0x0000000712400000| Complete 

Card table byte_map: [0x000001c25c7c0000,0x000001c25cfb0000] _byte_map_base: 0x000001c258fac000

Marking Bits: (CMBitMap*) 0x000001c244a26b00
 Bits: [0x000001c25d7a0000, 0x000001c261700000)

Polling page: 0x000001c242950000

Metaspace:

Usage:
  Non-class:     17.30 MB used.
      Class:      3.05 MB used.
       Both:     20.35 MB used.

Virtual space:
  Non-class space:       64.00 MB reserved,      17.56 MB ( 27%) committed,  1 nodes.
      Class space:        1.00 GB reserved,       3.25 MB ( <1%) committed,  1 nodes.
             Both:        1.06 GB reserved,      20.81 MB (  2%) committed. 

Chunk freelists:
   Non-Class:  2.30 MB
       Class:  678.00 KB
        Both:  2.96 MB

MaxMetaspaceSize: unlimited
CompressedClassSpaceSize: 1.00 GB
Initial GC threshold: 21.00 MB
Current GC threshold: 21.00 MB
CDS: on
MetaspaceReclaimPolicy: balanced
 - commit_granule_bytes: 65536.
 - commit_granule_words: 8192.
 - virtual_space_node_default_size: 8388608.
 - enlarge_chunks_in_place: 1.
 - new_chunks_are_fully_committed: 0.
 - uncommit_free_chunks: 1.
 - use_allocation_guard: 0.


Internal statistics:

num_allocs_failed_limit: 0.
num_arena_births: 472.
num_arena_deaths: 0.
num_vsnodes_births: 2.
num_vsnodes_deaths: 0.
num_space_committed: 333.
num_space_uncommitted: 0.
num_chunks_returned_to_freelist: 0.
num_chunks_taken_from_freelist: 1216.
num_chunk_merges: 0.
num_chunk_splits: 816.
num_chunks_enlarged: 589.
num_inconsistent_stats: 0.

CodeHeap 'non-profiled nmethods': size=120000Kb used=1922Kb max_used=1922Kb free=118077Kb
 bounds [0x000001c254540000, 0x000001c2547b0000, 0x000001c25ba70000]
CodeHeap 'profiled nmethods': size=120000Kb used=8756Kb max_used=8756Kb free=111243Kb
 bounds [0x000001c24ca70000, 0x000001c24d300000, 0x000001c253fa0000]
CodeHeap 'non-nmethods': size=5760Kb used=1954Kb max_used=1974Kb free=3805Kb
 bounds [0x000001c253fa0000, 0x000001c254210000, 0x000001c254540000]
 total_blobs=5041 nmethods=4201 adapters=748
 compilation: enabled
              stopped_count=0, restarted_count=0
 full_count=0

Compilation events (20 events):
Event: 50.249 Thread 0x000001c263b1a2f0 4192       3       com.sun.javafx.sg.prism.NGNode::checkBoundsInQuad (266 bytes)
Event: 50.250 Thread 0x000001c263b1a2f0 nmethod 4192 0x000001c24d2f7c10 code [0x000001c24d2f7ee0, 0x000001c24d2f8cc8]
Event: 50.284 Thread 0x000001c263b1a2f0 4193   !   3       com.intellij.rt.debugger.agent.CaptureStorage::capture (118 bytes)
Event: 50.284 Thread 0x000001c263b1a2f0 nmethod 4193 0x000001c24d2f9210 code [0x000001c24d2f95e0, 0x000001c24d2fad90]
Event: 51.255 Thread 0x000001c263b1a2f0 4195       3       java.util.concurrent.locks.AbstractQueuedSynchronizer$ConditionObject::doSignal (54 bytes)
Event: 51.255 Thread 0x000001c263b1a2f0 nmethod 4195 0x000001c24d2fb810 code [0x000001c24d2fb9c0, 0x000001c24d2fbd90]
Event: 51.352 Thread 0x000001c263b1a2f0 4197       3       java.util.concurrent.locks.AbstractQueuedSynchronizer$Node::setPrevRelaxed (12 bytes)
Event: 51.352 Thread 0x000001c263b1a2f0 nmethod 4197 0x000001c24d2fbf10 code [0x000001c24d2fc0a0, 0x000001c24d2fc210]
Event: 51.352 Thread 0x000001c263b1a2f0 4198       3       java.util.concurrent.locks.AbstractQueuedSynchronizer::casTail (13 bytes)
Event: 51.352 Thread 0x000001c263b1a2f0 nmethod 4198 0x000001c24d2fc290 code [0x000001c24d2fc420, 0x000001c24d2fc5a0]
Event: 51.368 Thread 0x000001c263b1a2f0 4199       3       java.util.concurrent.locks.LockSupport::unpark (26 bytes)
Event: 51.368 Thread 0x000001c263b1a2f0 nmethod 4199 0x000001c24d2fc610 code [0x000001c24d2fc7c0, 0x000001c24d2fcb20]
Event: 51.383 Thread 0x000001c263b1a2f0 4200       3       java.util.concurrent.locks.AbstractQueuedSynchronizer$Node::clearStatus (12 bytes)
Event: 51.384 Thread 0x000001c263b1a2f0 nmethod 4200 0x000001c24d2fcc10 code [0x000001c24d2fcda0, 0x000001c24d2fcf58]
Event: 51.384 Thread 0x000001c263b1a2f0 4201       3       jdk.internal.misc.Unsafe::putIntOpaque (9 bytes)
Event: 51.384 Thread 0x000001c263b1a2f0 nmethod 4201 0x000001c24d2fd010 code [0x000001c24d2fd1a0, 0x000001c24d2fd2b8]
Event: 106.105 Thread 0x000001c263b0d0f0 4203       4       com.sun.javafx.tk.quantum.QuantumToolkit::postPulse (133 bytes)
Event: 106.107 Thread 0x000001c263b0d0f0 nmethod 4203 0x000001c25471fc90 code [0x000001c25471fe20, 0x000001c254720060]
Event: 106.107 Thread 0x000001c263b0d0f0 4204       4       com.sun.javafx.tk.quantum.QuantumToolkit$$Lambda$90/0x000001c20103bf68::run (8 bytes)
Event: 106.109 Thread 0x000001c263b0d0f0 nmethod 4204 0x000001c254720310 code [0x000001c2547204c0, 0x000001c2547207b8]

GC Heap History (6 events):
Event: 0.414 GC heap before
{Heap before GC invocations=0 (full 0):
 garbage-first heap   total 260096K, used 22528K [0x0000000702800000, 0x0000000800000000)
  region size 2048K, 11 young (22528K), 0 survivors (0K)
 Metaspace       used 4436K, committed 4608K, reserved 1114112K
  class space    used 493K, committed 576K, reserved 1048576K
}
Event: 0.415 GC heap after
{Heap after GC invocations=1 (full 0):
 garbage-first heap   total 260096K, used 2474K [0x0000000702800000, 0x0000000800000000)
  region size 2048K, 2 young (4096K), 2 survivors (4096K)
 Metaspace       used 4436K, committed 4608K, reserved 1114112K
  class space    used 493K, committed 576K, reserved 1048576K
}
Event: 0.884 GC heap before
{Heap before GC invocations=1 (full 0):
 garbage-first heap   total 260096K, used 41386K [0x0000000702800000, 0x0000000800000000)
  region size 2048K, 21 young (43008K), 2 survivors (4096K)
 Metaspace       used 11013K, committed 11264K, reserved 1114112K
  class space    used 1486K, committed 1600K, reserved 1048576K
}
Event: 0.887 GC heap after
{Heap after GC invocations=2 (full 0):
 garbage-first heap   total 260096K, used 7181K [0x0000000702800000, 0x0000000800000000)
  region size 2048K, 3 young (6144K), 3 survivors (6144K)
 Metaspace       used 11013K, committed 11264K, reserved 1114112K
  class space    used 1486K, committed 1600K, reserved 1048576K
}
Event: 45.346 GC heap before
{Heap before GC invocations=2 (full 0):
 garbage-first heap   total 260096K, used 87053K [0x0000000702800000, 0x0000000800000000)
  region size 2048K, 41 young (83968K), 3 survivors (6144K)
 Metaspace       used 20782K, committed 21184K, reserved 1114112K
  class space    used 3121K, committed 3328K, reserved 1048576K
}
Event: 45.353 GC heap after
{Heap after GC invocations=3 (full 0):
 garbage-first heap   total 260096K, used 17364K [0x0000000702800000, 0x0000000800000000)
  region size 2048K, 6 young (12288K), 6 survivors (12288K)
 Metaspace       used 20782K, committed 21184K, reserved 1114112K
  class space    used 3121K, committed 3328K, reserved 1048576K
}

Dll operation events (20 events):
Event: 0.218 Loaded shared library C:\Program Files\Java\javaFX\javafx-sdk-22.0.1\bin\api-ms-win-crt-locale-l1-1-0.dll
Event: 0.218 Loaded shared library C:\Program Files\Java\javaFX\javafx-sdk-22.0.1\bin\api-ms-win-crt-math-l1-1-0.dll
Event: 0.219 Loaded shared library C:\Program Files\Java\javaFX\javafx-sdk-22.0.1\bin\api-ms-win-crt-multibyte-l1-1-0.dll
Event: 0.220 Loaded shared library C:\Program Files\Java\javaFX\javafx-sdk-22.0.1\bin\api-ms-win-crt-private-l1-1-0.dll
Event: 0.221 Loaded shared library C:\Program Files\Java\javaFX\javafx-sdk-22.0.1\bin\api-ms-win-crt-process-l1-1-0.dll
Event: 0.221 Loaded shared library C:\Program Files\Java\javaFX\javafx-sdk-22.0.1\bin\api-ms-win-crt-runtime-l1-1-0.dll
Event: 0.222 Loaded shared library C:\Program Files\Java\javaFX\javafx-sdk-22.0.1\bin\api-ms-win-crt-stdio-l1-1-0.dll
Event: 0.222 Loaded shared library C:\Program Files\Java\javaFX\javafx-sdk-22.0.1\bin\api-ms-win-crt-string-l1-1-0.dll
Event: 0.223 Loaded shared library C:\Program Files\Java\javaFX\javafx-sdk-22.0.1\bin\api-ms-win-crt-time-l1-1-0.dll
Event: 0.224 Loaded shared library C:\Program Files\Java\javaFX\javafx-sdk-22.0.1\bin\api-ms-win-crt-utility-l1-1-0.dll
Event: 0.224 Loaded shared library C:\Program Files\Java\javaFX\javafx-sdk-22.0.1\bin\ucrtbase.dll
Event: 0.225 Loaded shared library C:\Program Files\Java\javaFX\javafx-sdk-22.0.1\bin\vcruntime140.dll
Event: 0.226 Loaded shared library C:\Program Files\Java\javaFX\javafx-sdk-22.0.1\bin\vcruntime140_1.dll
Event: 0.226 Loaded shared library C:\Program Files\Java\javaFX\javafx-sdk-22.0.1\bin\msvcp140.dll
Event: 0.227 Loaded shared library C:\Program Files\Java\javaFX\javafx-sdk-22.0.1\bin\msvcp140_1.dll
Event: 0.228 Loaded shared library C:\Program Files\Java\javaFX\javafx-sdk-22.0.1\bin\msvcp140_2.dll
Event: 0.254 Loaded shared library C:\Program Files\Java\javaFX\javafx-sdk-22.0.1\bin\prism_d3d.dll
Event: 0.297 Loaded shared library C:\Program Files\Java\javaFX\javafx-sdk-22.0.1\bin\glass.dll
Event: 0.413 Loaded shared library C:\Users\Anwender\.jdks\openjdk-20.0.2\bin\jimage.dll
Event: 0.733 Loaded shared library C:\Program Files\Java\javaFX\javafx-sdk-22.0.1\bin\javafx_font.dll

Deoptimization events (20 events):
Event: 9.676 Thread 0x000001c26bb63b70 DEOPT PACKING pc=0x000001c2546972ec sp=0x0000007f94efc5e0
Event: 9.676 Thread 0x000001c26bb63b70 DEOPT UNPACKING pc=0x000001c254009d22 sp=0x0000007f94efc580 mode 2
Event: 9.676 Thread 0x000001c26bb63b70 Uncommon trap: trap_request=0xffffffc6 fr.pc=0x000001c254693e48 relative=0x00000000000000a8
Event: 9.676 Thread 0x000001c26bb63b70 Uncommon trap: reason=bimorphic_or_optimized_type_check action=maybe_recompile pc=0x000001c254693e48 method=javafx.beans.property.DoublePropertyBase.get()D @ 23 c2
Event: 9.676 Thread 0x000001c26bb63b70 DEOPT PACKING pc=0x000001c254693e48 sp=0x0000007f94efc620
Event: 9.676 Thread 0x000001c26bb63b70 DEOPT UNPACKING pc=0x000001c254009d22 sp=0x0000007f94efc5c0 mode 2
Event: 9.676 Thread 0x000001c26bb63b70 Uncommon trap: trap_request=0xffffffc6 fr.pc=0x000001c254693e48 relative=0x00000000000000a8
Event: 9.676 Thread 0x000001c26bb63b70 Uncommon trap: reason=bimorphic_or_optimized_type_check action=maybe_recompile pc=0x000001c254693e48 method=javafx.beans.property.DoublePropertyBase.get()D @ 23 c2
Event: 9.676 Thread 0x000001c26bb63b70 DEOPT PACKING pc=0x000001c254693e48 sp=0x0000007f94efc620
Event: 9.676 Thread 0x000001c26bb63b70 DEOPT UNPACKING pc=0x000001c254009d22 sp=0x0000007f94efc5c0 mode 2
Event: 27.210 Thread 0x000001c2692fe190 Uncommon trap: trap_request=0xffffff45 fr.pc=0x000001c254704ea8 relative=0x00000000000000a8
Event: 27.210 Thread 0x000001c2692fe190 Uncommon trap: reason=unstable_if action=reinterpret pc=0x000001c254704ea8 method=java.lang.Math.round(F)I @ 36 c2
Event: 27.210 Thread 0x000001c2692fe190 DEOPT PACKING pc=0x000001c254704ea8 sp=0x0000007f94bfe000
Event: 27.210 Thread 0x000001c2692fe190 DEOPT UNPACKING pc=0x000001c254009d22 sp=0x0000007f94bfdf88 mode 2
Event: 37.002 Thread 0x000001c2692fe190 Uncommon trap: trap_request=0xffffff45 fr.pc=0x000001c25469dd20 relative=0x00000000000000a0
Event: 37.002 Thread 0x000001c2692fe190 Uncommon trap: reason=unstable_if action=reinterpret pc=0x000001c25469dd20 method=com.sun.javafx.geom.RectBounds.isEmpty()Z @ 21 c2
Event: 37.002 Thread 0x000001c2692fe190 DEOPT PACKING pc=0x000001c25469dd20 sp=0x0000007f94bfaae0
Event: 37.002 Thread 0x000001c2692fe190 DEOPT UNPACKING pc=0x000001c254009d22 sp=0x0000007f94bfaa80 mode 2
Event: 106.123 Thread 0x000001c2690d5200 DEOPT PACKING pc=0x000001c24cc13fb4 sp=0x0000007f932ff450
Event: 106.123 Thread 0x000001c2690d5200 DEOPT UNPACKING pc=0x000001c25400a4c2 sp=0x0000007f932fe8b0 mode 1

Classes loaded (20 events):
Event: 36.286 Loading class javafx/scene/control/ListCell
Event: 36.286 Loading class javafx/scene/control/ListCell done
Event: 36.286 Loading class javafx/collections/ListChangeListener$Change
Event: 36.286 Loading class javafx/collections/ListChangeListener$Change done
Event: 36.286 Loading class javafx/collections/ListChangeListener$Change
Event: 36.286 Loading class javafx/collections/ListChangeListener$Change done
Event: 36.291 Loading class javafx/scene/control/ListCell
Event: 36.291 Loading class javafx/scene/control/ListCell done
Event: 36.291 Loading class javafx/collections/ListChangeListener$Change
Event: 36.291 Loading class javafx/collections/ListChangeListener$Change done
Event: 36.295 Loading class javafx/scene/control/ListCell
Event: 36.295 Loading class javafx/scene/control/ListCell done
Event: 36.295 Loading class javafx/beans/Observable
Event: 36.295 Loading class javafx/beans/Observable done
Event: 106.122 Loading class jdk/internal/misc/Signal$1
Event: 106.122 Loading class jdk/internal/misc/Signal$1 done
Event: 106.123 Loading class com/sun/javafx/tk/quantum/QuantumRenderer
Event: 106.123 Loading class com/sun/javafx/tk/quantum/QuantumRenderer done
Event: 106.123 Loading class com/sun/javafx/tk/quantum/QuantumToolkit
Event: 106.123 Loading class com/sun/javafx/tk/quantum/QuantumToolkit done

Classes unloaded (0 events):
No events

Classes redefined (0 events):
No events

Internal exceptions (20 events):
Event: 8.573 Thread 0x000001c26bb63b70 Exception <a 'java/lang/NoSuchMethodError'{0x000000070fcd4d98}: 'void java.lang.invoke.DirectMethodHandle$Holder.invokeStatic(java.lang.Object, java.lang.Object, int, java.lang.Object)'> (0x000000070fcd4d98) 
thrown [s\open\src\hotspot\share\interpreter\linkResolver.cpp, line 773]
Event: 8.573 Thread 0x000001c26bb63b70 Exception <a 'java/lang/NoSuchMethodError'{0x000000070fcdbab8}: 'void java.lang.invoke.DelegatingMethodHandle$Holder.delegate(java.lang.Object, java.lang.Object, int, java.lang.Object)'> (0x000000070fcdbab8) 
thrown [s\open\src\hotspot\share\interpreter\linkResolver.cpp, line 773]
Event: 8.574 Thread 0x000001c26bb63b70 Exception <a 'java/lang/NoSuchMethodError'{0x000000070fcf9170}: 'int java.lang.invoke.DirectMethodHandle$Holder.invokeVirtual(java.lang.Object, java.lang.Object, java.lang.Object)'> (0x000000070fcf9170) 
thrown [s\open\src\hotspot\share\interpreter\linkResolver.cpp, line 773]
Event: 8.575 Thread 0x000001c26bb63b70 Exception <a 'java/lang/NoSuchMethodError'{0x000000070fcfca70}: 'int java.lang.invoke.DirectMethodHandle$Holder.invokeVirtual(java.lang.Object, java.lang.Object)'> (0x000000070fcfca70) 
thrown [s\open\src\hotspot\share\interpreter\linkResolver.cpp, line 773]
Event: 8.575 Thread 0x000001c26bb63b70 Exception <a 'java/lang/NoSuchMethodError'{0x000000070fd00c88}: 'int java.lang.invoke.DirectMethodHandle$Holder.invokeStaticInit(java.lang.Object, int, int)'> (0x000000070fd00c88) 
thrown [s\open\src\hotspot\share\interpreter\linkResolver.cpp, line 773]
Event: 8.575 Thread 0x000001c26bb63b70 Exception <a 'java/lang/NoSuchMethodError'{0x000000070fd08200}: 'int java.lang.invoke.DirectMethodHandle$Holder.invokeStaticInit(java.lang.Object, long, long)'> (0x000000070fd08200) 
thrown [s\open\src\hotspot\share\interpreter\linkResolver.cpp, line 773]
Event: 8.575 Thread 0x000001c26bb63b70 Exception <a 'java/lang/NoSuchMethodError'{0x000000070fd0f018}: 'int java.lang.invoke.DirectMethodHandle$Holder.invokeStaticInit(java.lang.Object, float, float)'> (0x000000070fd0f018) 
thrown [s\open\src\hotspot\share\interpreter\linkResolver.cpp, line 773]
Event: 8.575 Thread 0x000001c26bb63b70 Exception <a 'java/lang/NoSuchMethodError'{0x000000070fd15bd8}: 'int java.lang.invoke.DirectMethodHandle$Holder.invokeStaticInit(java.lang.Object, double, double)'> (0x000000070fd15bd8) 
thrown [s\open\src\hotspot\share\interpreter\linkResolver.cpp, line 773]
Event: 8.575 Thread 0x000001c26bb63b70 Exception <a 'java/lang/NoSuchMethodError'{0x000000070fd1a1b8}: 'int java.lang.invoke.DirectMethodHandle$Holder.invokeStatic(java.lang.Object, long)'> (0x000000070fd1a1b8) 
thrown [s\open\src\hotspot\share\interpreter\linkResolver.cpp, line 773]
Event: 8.577 Thread 0x000001c26bb63b70 Exception <a 'java/lang/NoSuchMethodError'{0x000000070fd3dfe8}: 'int java.lang.invoke.Invokers$Holder.linkToTargetMethod(java.lang.Object, java.lang.Object)'> (0x000000070fd3dfe8) 
thrown [s\open\src\hotspot\share\interpreter\linkResolver.cpp, line 773]
Event: 8.578 Thread 0x000001c26bb63b70 Exception <a 'java/lang/NoSuchMethodError'{0x000000070fd46010}: 'int java.lang.invoke.DelegatingMethodHandle$Holder.reinvoke_L(java.lang.Object, double)'> (0x000000070fd46010) 
thrown [s\open\src\hotspot\share\interpreter\linkResolver.cpp, line 773]
Event: 9.770 Thread 0x000001c26bb63b70 Exception <a 'java/lang/NullPointerException'{0x000000070ee7de78}> (0x000000070ee7de78) 
thrown [s\open\src\hotspot\share\interpreter\linkResolver.cpp, line 1373]
Event: 15.966 Thread 0x000001c26bb63b70 Exception <a 'java/lang/NoSuchMethodError'{0x000000070edb2f00}: 'void java.lang.invoke.DirectMethodHandle$Holder.invokeSpecialIFC(java.lang.Object, java.lang.Object, java.lang.Object, java.lang.Object)'> (0x000000070edb2f00) 
thrown [s\open\src\hotspot\share\interpreter\linkResolver.cpp, line 773]
Event: 29.555 Thread 0x000001c26bb63b70 Exception <a 'java/lang/NoSuchMethodError'{0x000000070e0e2470}: 'java.lang.Object java.lang.invoke.DirectMethodHandle$Holder.newInvokeSpecial(java.lang.Object, java.lang.Object, int, int, int, int, int, java.lang.Object)'> (0x000000070e0e2470) 
thrown [s\open\src\hotspot\share\interpreter\linkResolver.cpp, line 773]
Event: 29.596 Thread 0x000001c26bb63b70 Exception <a 'java/lang/NoSuchMethodError'{0x000000070e0f5470}: 'java.lang.Object java.lang.invoke.DirectMethodHandle$Holder.newInvokeSpecial(java.lang.Object, java.lang.Object, java.lang.Object, int, int, int, int, int)'> (0x000000070e0f5470) 
thrown [s\open\src\hotspot\share\interpreter\linkResolver.cpp, line 773]
Event: 29.613 Thread 0x000001c26bb63b70 Exception <a 'java/lang/NoSuchMethodError'{0x000000070e0fd270}: 'java.lang.Object java.lang.invoke.Invokers$Holder.linkToTargetMethod(java.lang.Object, java.lang.Object, int, int, int, int, int, java.lang.Object)'> (0x000000070e0fd270) 
thrown [s\open\src\hotspot\share\interpreter\linkResolver.cpp, line 773]
Event: 32.301 Thread 0x000001c26bb63b70 Exception <a 'java/lang/NoSuchMethodError'{0x000000070de03908}: 'double java.lang.invoke.DirectMethodHandle$Holder.invokeVirtual(java.lang.Object, java.lang.Object)'> (0x000000070de03908) 
thrown [s\open\src\hotspot\share\interpreter\linkResolver.cpp, line 773]
Event: 32.315 Thread 0x000001c26bb63b70 Exception <a 'java/lang/NoSuchMethodError'{0x000000070de14ee8}: 'void java.lang.invoke.DirectMethodHandle$Holder.invokeStatic(java.lang.Object, java.lang.Object, double)'> (0x000000070de14ee8) 
thrown [s\open\src\hotspot\share\interpreter\linkResolver.cpp, line 773]
Event: 32.582 Thread 0x000001c26bb63b70 Exception <a 'java/lang/NoSuchMethodError'{0x000000070ded0ea0}: 'java.lang.Object java.lang.invoke.DirectMethodHandle$Holder.invokeSpecial(java.lang.Object, java.lang.Object, double, double)'> (0x000000070ded0ea0) 
thrown [s\open\src\hotspot\share\interpreter\linkResolver.cpp, line 773]
Event: 51.467 Thread 0x000001c26bb63b70 Exception <a 'java/lang/NullPointerException'{0x000000071219a6d8}> (0x000000071219a6d8) 
thrown [s\open\src\hotspot\share\interpreter\linkResolver.cpp, line 1373]

VM Operations (20 events):
Event: 50.357 Executing VM operation: Cleanup done
Event: 51.358 Executing VM operation: Cleanup
Event: 51.358 Executing VM operation: Cleanup done
Event: 51.388 Executing VM operation: get/set locals
Event: 51.388 Executing VM operation: get/set locals done
Event: 51.388 Executing VM operation: get/set locals
Event: 51.388 Executing VM operation: get/set locals done
Event: 60.114 Executing VM operation: HandshakeAllThreads
Event: 60.114 Executing VM operation: HandshakeAllThreads done
Event: 80.898 Executing VM operation: get/set locals
Event: 80.898 Executing VM operation: get/set locals done
Event: 106.102 Executing VM operation: ChangeBreakpoints
Event: 106.102 Executing VM operation: ChangeBreakpoints done
Event: 106.102 Executing VM operation: ChangeBreakpoints
Event: 106.102 Executing VM operation: ChangeBreakpoints done
Event: 106.103 Executing VM operation: ChangeBreakpoints
Event: 106.103 Executing VM operation: ChangeBreakpoints done
Event: 106.103 Executing VM operation: ChangeBreakpoints
Event: 106.103 Executing VM operation: ChangeBreakpoints done
Event: 106.123 Executing VM operation: Exit

Events (20 events):
Event: 1.720 Thread 0x000001c2699d1a20 Thread added: 0x000001c2699d1a20
Event: 1.721 Thread 0x000001c2699d5750 Thread added: 0x000001c2699d5750
Event: 1.856 Thread 0x000001c2699d5750 Thread exited: 0x000001c2699d5750
Event: 1.856 Thread 0x000001c2699d1a20 Thread exited: 0x000001c2699d1a20
Event: 5.249 Thread 0x000001c2699d0970 Thread added: 0x000001c2699d0970
Event: 5.639 Thread 0x000001c2699d0970 Thread exited: 0x000001c2699d0970
Event: 8.584 Thread 0x000001c2699d78b0 Thread added: 0x000001c2699d78b0
Event: 8.586 Thread 0x000001c2699d4c30 Thread added: 0x000001c2699d4c30
Event: 8.724 Thread 0x000001c2699d4c30 Thread exited: 0x000001c2699d4c30
Event: 8.804 Thread 0x000001c2699d78b0 Thread exited: 0x000001c2699d78b0
Event: 49.260 Thread 0x000001c263b1a880 Thread added: 0x000001c263b1a880
Event: 50.071 Thread 0x000001c263b1a880 Thread exited: 0x000001c263b1a880
Event: 106.102 Thread 0x000001c268fa50b0 Thread exited: 0x000001c268fa50b0
Event: 106.105 Thread 0x000001c269063bf0 Thread exited: 0x000001c269063bf0
Event: 106.122 Thread 0x000001c2699fd880 Thread added: 0x000001c2699fd880
Event: 106.122 Thread 0x000001c2690d5200 Thread added: 0x000001c2690d5200
Event: 106.122 Thread 0x000001c2690d4210 Thread added: 0x000001c2690d4210
Event: 106.122 Thread 0x000001c2690d4210 Thread exited: 0x000001c2690d4210
Event: 106.123 Thread 0x000001c2690d5200 Thread exited: 0x000001c2690d5200
Event: 106.123 Thread 0x000001c263b04b70 Thread exited: 0x000001c263b04b70


Dynamic libraries:
0x00007ff6db1e0000 - 0x00007ff6db1ee000 	C:\Users\Anwender\.jdks\openjdk-20.0.2\bin\java.exe
0x00007ffc8df30000 - 0x00007ffc8e147000 	C:\WINDOWS\SYSTEM32\ntdll.dll
0x00007ffc8d300000 - 0x00007ffc8d3c4000 	C:\WINDOWS\System32\KERNEL32.DLL
0x00007ffc8b2d0000 - 0x00007ffc8b67c000 	C:\WINDOWS\System32\KERNELBASE.dll
0x00007ffc8b720000 - 0x00007ffc8b831000 	C:\WINDOWS\System32\ucrtbase.dll
0x00007ffc7d390000 - 0x00007ffc7d3ab000 	C:\Users\Anwender\.jdks\openjdk-20.0.2\bin\VCRUNTIME140.dll
0x00007ffc7d3b0000 - 0x00007ffc7d3c7000 	C:\Users\Anwender\.jdks\openjdk-20.0.2\bin\jli.dll
0x00007ffc8bf90000 - 0x00007ffc8c13e000 	C:\WINDOWS\System32\USER32.dll
0x00007ffc8bc40000 - 0x00007ffc8bc66000 	C:\WINDOWS\System32\win32u.dll
0x00007ffc7e260000 - 0x00007ffc7e4f3000 	C:\WINDOWS\WinSxS\amd64_microsoft.windows.common-controls_6595b64144ccf1df_6.0.22621.3672_none_2713b9d173822955\COMCTL32.dll
0x00007ffc8c610000 - 0x00007ffc8c639000 	C:\WINDOWS\System32\GDI32.dll
0x00007ffc8b9b0000 - 0x00007ffc8bac9000 	C:\WINDOWS\System32\gdi32full.dll
0x00007ffc8d3d0000 - 0x00007ffc8d477000 	C:\WINDOWS\System32\msvcrt.dll
0x00007ffc8b680000 - 0x00007ffc8b71a000 	C:\WINDOWS\System32\msvcp_win.dll
0x00007ffc8c9e0000 - 0x00007ffc8ca11000 	C:\WINDOWS\System32\IMM32.DLL
0x00007ffc88410000 - 0x00007ffc8841c000 	C:\Users\Anwender\.jdks\openjdk-20.0.2\bin\vcruntime140_1.dll
0x00007ffc7d300000 - 0x00007ffc7d38e000 	C:\Users\Anwender\.jdks\openjdk-20.0.2\bin\msvcp140.dll
0x00007ffc38f60000 - 0x00007ffc39bf8000 	C:\Users\Anwender\.jdks\openjdk-20.0.2\bin\server\jvm.dll
0x00007ffc8d7f0000 - 0x00007ffc8d8a2000 	C:\WINDOWS\System32\ADVAPI32.dll
0x00007ffc8d560000 - 0x00007ffc8d60a000 	C:\WINDOWS\System32\sechost.dll
0x00007ffc8b980000 - 0x00007ffc8b9a8000 	C:\WINDOWS\System32\bcrypt.dll
0x00007ffc8d8b0000 - 0x00007ffc8d9c5000 	C:\WINDOWS\System32\RPCRT4.dll
0x00007ffc792e0000 - 0x00007ffc79314000 	C:\WINDOWS\SYSTEM32\WINMM.dll
0x00007ffc77d40000 - 0x00007ffc77d49000 	C:\WINDOWS\SYSTEM32\WSOCK32.dll
0x00007ffc86d10000 - 0x00007ffc86d1a000 	C:\WINDOWS\SYSTEM32\VERSION.dll
0x00007ffc8c7f0000 - 0x00007ffc8c861000 	C:\WINDOWS\System32\WS2_32.dll
0x00007ffc8a380000 - 0x00007ffc8a398000 	C:\WINDOWS\SYSTEM32\kernel.appcore.dll
0x00007ffc7d2f0000 - 0x00007ffc7d2fa000 	C:\Users\Anwender\.jdks\openjdk-20.0.2\bin\jimage.dll
0x00007ffc834f0000 - 0x00007ffc83722000 	C:\WINDOWS\SYSTEM32\DBGHELP.DLL
0x00007ffc8dae0000 - 0x00007ffc8de68000 	C:\WINDOWS\System32\combase.dll
0x00007ffc8d480000 - 0x00007ffc8d557000 	C:\WINDOWS\System32\OLEAUT32.dll
0x00007ffc6af60000 - 0x00007ffc6af92000 	C:\WINDOWS\SYSTEM32\dbgcore.DLL
0x00007ffc8b900000 - 0x00007ffc8b97b000 	C:\WINDOWS\System32\bcryptPrimitives.dll
0x00007ffc56e00000 - 0x00007ffc56e3c000 	C:\Users\Anwender\.jdks\openjdk-20.0.2\bin\jdwp.dll
0x00007ffc7d2a0000 - 0x00007ffc7d2ae000 	C:\Users\Anwender\.jdks\openjdk-20.0.2\bin\instrument.dll
0x00007ffc7d2c0000 - 0x00007ffc7d2e6000 	C:\Users\Anwender\.jdks\openjdk-20.0.2\bin\java.dll
0x00007ffc67180000 - 0x00007ffc67198000 	C:\Users\Anwender\.jdks\openjdk-20.0.2\bin\zip.dll
0x00007ffc56d20000 - 0x00007ffc56df7000 	C:\Users\Anwender\.jdks\openjdk-20.0.2\bin\jsvml.dll
0x00007ffc8caa0000 - 0x00007ffc8d2fc000 	C:\WINDOWS\System32\SHELL32.dll
0x00007ffc891c0000 - 0x00007ffc89ab7000 	C:\WINDOWS\SYSTEM32\windows.storage.dll
0x00007ffc89080000 - 0x00007ffc891bf000 	C:\WINDOWS\SYSTEM32\wintypes.dll
0x00007ffc8c8e0000 - 0x00007ffc8c9d4000 	C:\WINDOWS\System32\SHCORE.dll
0x00007ffc8c870000 - 0x00007ffc8c8ce000 	C:\WINDOWS\System32\shlwapi.dll
0x00007ffc8b190000 - 0x00007ffc8b1b1000 	C:\WINDOWS\SYSTEM32\profapi.dll
0x00007ffc659e0000 - 0x00007ffc659f3000 	C:\Users\Anwender\.jdks\openjdk-20.0.2\bin\net.dll
0x00007ffc86240000 - 0x00007ffc86376000 	C:\WINDOWS\SYSTEM32\WINHTTP.dll
0x00007ffc8a7f0000 - 0x00007ffc8a859000 	C:\WINDOWS\system32\mswsock.dll
0x00007ffc56d00000 - 0x00007ffc56d16000 	C:\Users\Anwender\.jdks\openjdk-20.0.2\bin\nio.dll
0x00007ffc67170000 - 0x00007ffc6717c000 	C:\Users\Anwender\.jdks\openjdk-20.0.2\bin\dt_socket.dll
0x00007ffc89d90000 - 0x00007ffc89dbd000 	C:\WINDOWS\SYSTEM32\IPHLPAPI.DLL
0x000001c242990000 - 0x000001c242993000 	C:\Program Files\Java\javaFX\javafx-sdk-22.0.1\bin\api-ms-win-core-console-l1-1-0.dll
0x000001c2429a0000 - 0x000001c2429a3000 	C:\Program Files\Java\javaFX\javafx-sdk-22.0.1\bin\api-ms-win-core-console-l1-2-0.dll
0x000001c2429b0000 - 0x000001c2429b3000 	C:\Program Files\Java\javaFX\javafx-sdk-22.0.1\bin\api-ms-win-core-datetime-l1-1-0.dll
0x000001c244940000 - 0x000001c244943000 	C:\Program Files\Java\javaFX\javafx-sdk-22.0.1\bin\api-ms-win-core-debug-l1-1-0.dll
0x000001c244950000 - 0x000001c244953000 	C:\Program Files\Java\javaFX\javafx-sdk-22.0.1\bin\api-ms-win-core-errorhandling-l1-1-0.dll
0x000001c244960000 - 0x000001c244964000 	C:\Program Files\Java\javaFX\javafx-sdk-22.0.1\bin\api-ms-win-core-file-l1-1-0.dll
0x000001c2643b0000 - 0x000001c2643b3000 	C:\Program Files\Java\javaFX\javafx-sdk-22.0.1\bin\api-ms-win-core-file-l1-2-0.dll
0x000001c2643c0000 - 0x000001c2643c3000 	C:\Program Files\Java\javaFX\javafx-sdk-22.0.1\bin\api-ms-win-core-file-l2-1-0.dll
0x000001c2643d0000 - 0x000001c2643d3000 	C:\Program Files\Java\javaFX\javafx-sdk-22.0.1\bin\api-ms-win-core-handle-l1-1-0.dll
0x000001c2643e0000 - 0x000001c2643e3000 	C:\Program Files\Java\javaFX\javafx-sdk-22.0.1\bin\api-ms-win-core-heap-l1-1-0.dll
0x000001c2643f0000 - 0x000001c2643f3000 	C:\Program Files\Java\javaFX\javafx-sdk-22.0.1\bin\api-ms-win-core-interlocked-l1-1-0.dll
0x000001c26a110000 - 0x000001c26a113000 	C:\Program Files\Java\javaFX\javafx-sdk-22.0.1\bin\api-ms-win-core-libraryloader-l1-1-0.dll
0x000001c26a120000 - 0x000001c26a123000 	C:\Program Files\Java\javaFX\javafx-sdk-22.0.1\bin\api-ms-win-core-localization-l1-2-0.dll
0x000001c26a130000 - 0x000001c26a133000 	C:\Program Files\Java\javaFX\javafx-sdk-22.0.1\bin\api-ms-win-core-memory-l1-1-0.dll
0x000001c26a4e0000 - 0x000001c26a4e3000 	C:\Program Files\Java\javaFX\javafx-sdk-22.0.1\bin\api-ms-win-core-namedpipe-l1-1-0.dll
0x000001c26a4f0000 - 0x000001c26a4f3000 	C:\Program Files\Java\javaFX\javafx-sdk-22.0.1\bin\api-ms-win-core-processenvironment-l1-1-0.dll
0x000001c26a500000 - 0x000001c26a503000 	C:\Program Files\Java\javaFX\javafx-sdk-22.0.1\bin\api-ms-win-core-processthreads-l1-1-0.dll
0x000001c26a510000 - 0x000001c26a513000 	C:\Program Files\Java\javaFX\javafx-sdk-22.0.1\bin\api-ms-win-core-processthreads-l1-1-1.dll
0x000001c26a520000 - 0x000001c26a523000 	C:\Program Files\Java\javaFX\javafx-sdk-22.0.1\bin\api-ms-win-core-profile-l1-1-0.dll
0x000001c26a530000 - 0x000001c26a533000 	C:\Program Files\Java\javaFX\javafx-sdk-22.0.1\bin\api-ms-win-core-rtlsupport-l1-1-0.dll
0x000001c26a540000 - 0x000001c26a543000 	C:\Program Files\Java\javaFX\javafx-sdk-22.0.1\bin\api-ms-win-core-string-l1-1-0.dll
0x000001c26a550000 - 0x000001c26a553000 	C:\Program Files\Java\javaFX\javafx-sdk-22.0.1\bin\api-ms-win-core-synch-l1-1-0.dll
0x000001c26a560000 - 0x000001c26a563000 	C:\Program Files\Java\javaFX\javafx-sdk-22.0.1\bin\api-ms-win-core-synch-l1-2-0.dll
0x000001c26a140000 - 0x000001c26a143000 	C:\Program Files\Java\javaFX\javafx-sdk-22.0.1\bin\api-ms-win-core-sysinfo-l1-1-0.dll
0x000001c26a150000 - 0x000001c26a153000 	C:\Program Files\Java\javaFX\javafx-sdk-22.0.1\bin\api-ms-win-core-timezone-l1-1-0.dll
0x000001c26a160000 - 0x000001c26a163000 	C:\Program Files\Java\javaFX\javafx-sdk-22.0.1\bin\api-ms-win-core-util-l1-1-0.dll
0x000001c26a170000 - 0x000001c26a173000 	C:\Program Files\Java\javaFX\javafx-sdk-22.0.1\bin\api-ms-win-crt-conio-l1-1-0.dll
0x000001c26a180000 - 0x000001c26a184000 	C:\Program Files\Java\javaFX\javafx-sdk-22.0.1\bin\api-ms-win-crt-convert-l1-1-0.dll
0x000001c26a190000 - 0x000001c26a193000 	C:\Program Files\Java\javaFX\javafx-sdk-22.0.1\bin\api-ms-win-crt-environment-l1-1-0.dll
0x000001c26a1a0000 - 0x000001c26a1a3000 	C:\Program Files\Java\javaFX\javafx-sdk-22.0.1\bin\api-ms-win-crt-filesystem-l1-1-0.dll
0x000001c26a1b0000 - 0x000001c26a1b3000 	C:\Program Files\Java\javaFX\javafx-sdk-22.0.1\bin\api-ms-win-crt-heap-l1-1-0.dll
0x000001c26a1c0000 - 0x000001c26a1c3000 	C:\Program Files\Java\javaFX\javafx-sdk-22.0.1\bin\api-ms-win-crt-locale-l1-1-0.dll
0x000001c26a1d0000 - 0x000001c26a1d5000 	C:\Program Files\Java\javaFX\javafx-sdk-22.0.1\bin\api-ms-win-crt-math-l1-1-0.dll
0x000001c26a1e0000 - 0x000001c26a1e5000 	C:\Program Files\Java\javaFX\javafx-sdk-22.0.1\bin\api-ms-win-crt-multibyte-l1-1-0.dll
0x000001c26a1f0000 - 0x000001c26a200000 	C:\Program Files\Java\javaFX\javafx-sdk-22.0.1\bin\api-ms-win-crt-private-l1-1-0.dll
0x000001c26a200000 - 0x000001c26a203000 	C:\Program Files\Java\javaFX\javafx-sdk-22.0.1\bin\api-ms-win-crt-process-l1-1-0.dll
0x000001c26a210000 - 0x000001c26a214000 	C:\Program Files\Java\javaFX\javafx-sdk-22.0.1\bin\api-ms-win-crt-runtime-l1-1-0.dll
0x000001c26a220000 - 0x000001c26a224000 	C:\Program Files\Java\javaFX\javafx-sdk-22.0.1\bin\api-ms-win-crt-stdio-l1-1-0.dll
0x000001c26a230000 - 0x000001c26a234000 	C:\Program Files\Java\javaFX\javafx-sdk-22.0.1\bin\api-ms-win-crt-string-l1-1-0.dll
0x000001c26a240000 - 0x000001c26a243000 	C:\Program Files\Java\javaFX\javafx-sdk-22.0.1\bin\api-ms-win-crt-time-l1-1-0.dll
0x000001c26a370000 - 0x000001c26a373000 	C:\Program Files\Java\javaFX\javafx-sdk-22.0.1\bin\api-ms-win-crt-utility-l1-1-0.dll
0x00007ffc4e060000 - 0x00007ffc4e15c000 	C:\Program Files\Java\javaFX\javafx-sdk-22.0.1\bin\ucrtbase.dll
0x00007ffc56ce0000 - 0x00007ffc56cfb000 	C:\Program Files\Java\javaFX\javafx-sdk-22.0.1\bin\vcruntime140.dll
0x00007ffc5a740000 - 0x00007ffc5a74c000 	C:\Program Files\Java\javaFX\javafx-sdk-22.0.1\bin\vcruntime140_1.dll
0x00007ffc56b40000 - 0x00007ffc56bce000 	C:\Program Files\Java\javaFX\javafx-sdk-22.0.1\bin\msvcp140.dll
0x00007ffc5a160000 - 0x00007ffc5a169000 	C:\Program Files\Java\javaFX\javafx-sdk-22.0.1\bin\msvcp140_1.dll
0x00007ffc56c70000 - 0x00007ffc56cb1000 	C:\Program Files\Java\javaFX\javafx-sdk-22.0.1\bin\msvcp140_2.dll
0x00007ffc56b10000 - 0x00007ffc56b40000 	C:\Program Files\Java\javaFX\javafx-sdk-22.0.1\bin\prism_d3d.dll
0x00007ffc65160000 - 0x00007ffc65308000 	C:\WINDOWS\system32\d3d9.dll
0x00007ffc88970000 - 0x00007ffc8899b000 	C:\WINDOWS\SYSTEM32\dwmapi.dll
0x00007ffc889e0000 - 0x00007ffc88a19000 	C:\WINDOWS\SYSTEM32\dxcore.dll
0x00007ffc886f0000 - 0x00007ffc8879a000 	C:\WINDOWS\system32\uxtheme.dll
0x00007ffc7f610000 - 0x00007ffc7f6cc000 	C:\WINDOWS\System32\DriverStore\FileRepository\nv_dispi.inf_amd64_d3828c822366e497\nvldumdx.dll
0x00007ffc8aef0000 - 0x00007ffc8af02000 	C:\WINDOWS\SYSTEM32\msasn1.dll
0x00007ffc84330000 - 0x00007ffc84362000 	C:\WINDOWS\SYSTEM32\cryptnet.dll
0x00007ffc8bad0000 - 0x00007ffc8bc37000 	C:\WINDOWS\System32\CRYPT32.dll
0x00007ffc84080000 - 0x00007ffc841d8000 	C:\WINDOWS\SYSTEM32\drvstore.dll
0x00007ffc8af10000 - 0x00007ffc8af3c000 	C:\WINDOWS\SYSTEM32\devobj.dll
0x00007ffc8af40000 - 0x00007ffc8af8e000 	C:\WINDOWS\SYSTEM32\cfgmgr32.dll
0x00007ffc8ab00000 - 0x00007ffc8ab49000 	C:\WINDOWS\SYSTEM32\wldp.dll
0x00007ffc8aa70000 - 0x00007ffc8aa7c000 	C:\WINDOWS\SYSTEM32\cryptbase.dll
0x00007ffc8b260000 - 0x00007ffc8b2cb000 	C:\WINDOWS\System32\wintrust.dll
0x00007ffc8da60000 - 0x00007ffc8da7f000 	C:\WINDOWS\System32\imagehlp.dll
0x00007ffc8aa50000 - 0x00007ffc8aa6b000 	C:\WINDOWS\SYSTEM32\CRYPTSP.dll
0x00007ffc8a2e0000 - 0x00007ffc8a315000 	C:\WINDOWS\system32\rsaenh.dll
0x00007ffbce020000 - 0x00007ffbd11ad000 	C:\WINDOWS\System32\DriverStore\FileRepository\nv_dispi.inf_amd64_d3828c822366e497\nvd3dumx.dll
0x00007ffc83270000 - 0x00007ffc832b9000 	C:\WINDOWS\SYSTEM32\directxdatabasehelper.dll
0x00007ffc53d10000 - 0x00007ffc53d55000 	C:\Program Files\Java\javaFX\javafx-sdk-22.0.1\bin\glass.dll
0x00007ffc8c6f0000 - 0x00007ffc8c7e6000 	C:\WINDOWS\System32\COMDLG32.dll
0x00007ffc8bc70000 - 0x00007ffc8be15000 	C:\WINDOWS\System32\ole32.dll
0x00007ffc8be20000 - 0x00007ffc8bf73000 	C:\WINDOWS\System32\MSCTF.dll
0x00007ffc51650000 - 0x00007ffc51921000 	C:\WINDOWS\system32\nvspcap64.dll
0x00007ffc8a3a0000 - 0x00007ffc8a3d4000 	C:\WINDOWS\SYSTEM32\ntmarta.dll
0x00007ffc8a880000 - 0x00007ffc8a8a6000 	C:\WINDOWS\SYSTEM32\gpapi.dll
0x00007ffc8c640000 - 0x00007ffc8c6f0000 	C:\WINDOWS\System32\clbcatq.dll
0x00007ffc78fb0000 - 0x00007ffc79125000 	C:\Windows\System32\Windows.UI.dll
0x00007ffc67e90000 - 0x00007ffc68005000 	C:\Windows\System32\Windows.UI.Immersive.dll
0x00007ffc56c50000 - 0x00007ffc56c65000 	C:\Program Files\Java\javaFX\javafx-sdk-22.0.1\bin\javafx_font.dll

dbghelp: loaded successfully - version: 4.0.5 - missing functions: none
symbol engine: initialized successfully - sym options: 0x614 - pdb path: .;C:\Users\Anwender\.jdks\openjdk-20.0.2\bin;C:\WINDOWS\SYSTEM32;C:\WINDOWS\WinSxS\amd64_microsoft.windows.common-controls_6595b64144ccf1df_6.0.22621.3672_none_2713b9d173822955;C:\Users\Anwender\.jdks\openjdk-20.0.2\bin\server;C:\Program Files\Java\javaFX\javafx-sdk-22.0.1\bin;C:\WINDOWS\System32\DriverStore\FileRepository\nv_dispi.inf_amd64_d3828c822366e497;C:\Program Files\Common Files\Microsoft Shared\Ink;C:\WINDOWS\WinSxS\amd64_microsoft.windows.gdiplus_6595b64144ccf1df_1.1.22621.3672_none_57feacb6ce14a323;C:\Program Files\Microsoft OneDrive\24.116.0609.0005

VM Arguments:
jvm_args: -agentlib:jdwp=transport=dt_socket,address=127.0.0.1:64634,suspend=y,server=n --module-path=C:\Program Files\Java\javaFX\javafx-sdk-22.0.1\lib --add-modules=javafx.controls,javafx.fxml -javaagent:C:\Users\Anwender\AppData\Local\JetBrains\IntelliJIdea2023.3\captureAgent\debugger-agent.jar -Dfile.encoding=UTF-8 -Dsun.stdout.encoding=UTF-8 -Dsun.stderr.encoding=UTF-8 
java_command: view.MainFrame
java_class_path (initial): C:\Users\Anwender\IdeaProjects\sp24_gruppex_brecher_hinkelma_krenzerm_piacenza\target\classes;C:\Users\Anwender\IdeaProjects\sp24_gruppex_brecher_hinkelma_krenzerm_piacenza;C:\Program Files\Java\javaFX\javafx-sdk-22.0.1\lib\javafx-swt.jar;C:\Program Files\Java\javaFX\javafx-sdk-22.0.1\lib\javafx.web.jar;C:\Program Files\Java\javaFX\javafx-sdk-22.0.1\lib\javafx.base.jar;C:\Program Files\Java\javaFX\javafx-sdk-22.0.1\lib\javafx.fxml.jar;C:\Program Files\Java\javaFX\javafx-sdk-22.0.1\lib\javafx.media.jar;C:\Program Files\Java\javaFX\javafx-sdk-22.0.1\lib\javafx.swing.jar;C:\Program Files\Java\javaFX\javafx-sdk-22.0.1\lib\javafx.controls.jar;C:\Program Files\Java\javaFX\javafx-sdk-22.0.1\lib\javafx.graphics.jar;C:\Program Files\JetBrains\IntelliJ IDEA 2023.3.1\lib\idea_rt.jar
Launcher Type: SUN_STANDARD

[Global flags]
     intx CICompilerCount                          = 4                                         {product} {ergonomic}
     uint ConcGCThreads                            = 3                                         {product} {ergonomic}
     uint G1ConcRefinementThreads                  = 10                                        {product} {ergonomic}
   size_t G1HeapRegionSize                         = 2097152                                   {product} {ergonomic}
    uintx GCDrainStackTargetSize                   = 64                                        {product} {ergonomic}
   size_t InitialHeapSize                          = 266338304                                 {product} {ergonomic}
   size_t MarkStackSize                            = 4194304                                   {product} {ergonomic}
   size_t MaxHeapSize                              = 4253024256                                {product} {ergonomic}
   size_t MaxNewSize                               = 2550136832                                {product} {ergonomic}
   size_t MinHeapDeltaBytes                        = 2097152                                   {product} {ergonomic}
   size_t MinHeapSize                              = 8388608                                   {product} {ergonomic}
    uintx NonNMethodCodeHeapSize                   = 5839372                                {pd product} {ergonomic}
    uintx NonProfiledCodeHeapSize                  = 122909434                              {pd product} {ergonomic}
    uintx ProfiledCodeHeapSize                     = 122909434                              {pd product} {ergonomic}
    uintx ReservedCodeCacheSize                    = 251658240                              {pd product} {ergonomic}
     bool SegmentedCodeCache                       = true                                      {product} {ergonomic}
   size_t SoftMaxHeapSize                          = 4253024256                             {manageable} {ergonomic}
     bool UseCompressedClassPointers               = true                           {product lp64_product} {ergonomic}
     bool UseCompressedOops                        = true                           {product lp64_product} {ergonomic}
     bool UseG1GC                                  = true                                      {product} {ergonomic}
     bool UseLargePagesIndividualAllocation        = false                                  {pd product} {ergonomic}

Logging:
Log output configuration:
 #0: stdout all=off uptime,level,tags foldmultilines=false
 #1: stderr all=off uptime,level,tags foldmultilines=false

Environment Variables:
PATH=C:\Program Files\Eclipse Adoptium\jdk-21.0.0.35-hotspot\bin;C:\Program Files\Common Files\Oracle\Java\javapath;C:\Windows\system32;C:\Windows;C:\Windows\System32\Wbem;C:\Windows\System32\WindowsPowerShell\v1.0\;C:\Windows\System32\OpenSSH\;C:\Program Files\NVIDIA Corporation\NVIDIA NvDLISR;C:\Program Files\Git\cmd;C:\WINDOWS\system32;C:\WINDOWS;C:\WINDOWS\System32\Wbem;C:\WINDOWS\System32\WindowsPowerShell\v1.0\;C:\WINDOWS\System32\OpenSSH\;C:\Program Files (x86)\NVIDIA Corporation\PhysX\Common;C:\Program Files\Java\jdk-19\bin;C:\Users\Anwender\AppData\Local\Programs\Python\Python312\Scripts;C:\Program Files\Racket;C:\msys64\ucrt64\bin\python.exe;C:\Program Files\Eclipse Adoptium\jdk-21.0.0.35-hotspot\bin;C:\Program Files\Common Files\Oracle\Java\javapath;C:\Windows\system32;C:\Windows;C:\Windows\System32\Wbem;C:\Windows\System32\WindowsPowerShell\v1.0\;C:\Windows\System32\OpenSSH\;C:\Program Files\NVIDIA Corporation\NVIDIA NvDLISR;C:\Program Files\Git\cmd;C:\WINDOWS\system32;C:\WINDOWS;C:\WINDOWS\System32\Wbem;C:\WINDOWS\System32\WindowsPowerShell\v1.0\;C:\WINDOWS\System32\OpenSSH\;C:\Program Files (x86)\NVIDIA Corporation\PhysX\Common;C:\Program Files\Java\jdk-19\bin;C:\Users\Anwender\AppData\Local\Microsoft\WindowsApps;C:\msys64\ucrt64\bin;C:\Users\Anwender\AppData\Local\Microsoft VS Code\bin;C:\Python34\Scripts;C:\Program Files\JetBrains\PyCharm 2023.2.5\bin;;C:\Program Files\JetBrains\IntelliJ IDEA 2023.3.1\bin;;C:\Program Files\JetBrains\CLion 2023.3.4\bin;;C:\Program Files\JetBrains\JetBrains Rider 2023.3.3\bin;;C:\Users\Anwender\texlive\2024\bin\windows;C:\Program Files\JetBrains\DataGrip 2024.1.3\bin;
USERNAME=Anwender
OS=Windows_NT
PROCESSOR_IDENTIFIER=Intel64 Family 6 Model 151 Stepping 5, GenuineIntel
TMP=C:\Users\Anwender\AppData\Local\Temp
TEMP=C:\Users\Anwender\AppData\Local\Temp




---------------  S Y S T E M  ---------------

OS:
 Windows 11 , 64 bit Build 22621 (10.0.22621.3672)
OS uptime: 10 days 6:45 hours

CPU: total 12 (initial active 12) (6 cores per cpu, 2 threads per core) family 6 model 151 stepping 5 microcode 0x26, cx8, cmov, fxsr, ht, mmx, 3dnowpref, sse, sse2, sse3, ssse3, sse4.1, sse4.2, popcnt, lzcnt, tsc, tscinvbit, avx, avx2, aes, erms, clmul, bmi1, bmi2, adx, sha, fma, vzeroupper, clflush, clflushopt, clwb, serialize, rdtscp, rdpid, fsrm, f16c, pku, cet_ibt, cet_ss

Memory: 4k page, system-wide physical 16222M (6078M free)
TotalPageFile size 27998M (AvailPageFile size 12215M)
current process WorkingSet (physical memory assigned to process): 240M, peak: 242M
current process commit charge ("private bytes"): 449M, peak: 458M

vm_info: OpenJDK 64-Bit Server VM (20.0.2+9-78) for windows-amd64 JRE (20.0.2+9-78), built on 2023-06-14T10:08:48Z by "mach5one" with MS VC++ 17.1 (VS2022)

END.
